<?xml version="1.0" encoding="UTF-8"?>
<!-- Generated by org.testng.reporters.JUnitReportReporter -->
<testsuite skipped="0" hostname="SLBLR-LT-284" name="com.nexus.tests.Demo" tests="1" failures="0" timestamp="09 Jul 2017 16:31:59 GMT" time="5.657" errors="0">
  <testcase name="loginIsSuccessful" time="5.657" classname="com.nexus.tests.Demo"/>
</testsuite> <!-- com.nexus.tests.Demo -->
