<?xml version="1.0" encoding="UTF-8"?>
<!-- Generated by org.testng.reporters.JUnitReportReporter -->
<testsuite skipped="0" hostname="SLBLR-LT-284" name="com.nexus.tests.InvalidLoginLogout" tests="1" failures="0" timestamp="10 Jul 2017 16:37:36 GMT" time="8.572" errors="0">
  <testcase name="testInvalidLoginLogout" time="8.572" classname="com.nexus.tests.InvalidLoginLogout"/>
</testsuite> <!-- com.nexus.tests.InvalidLoginLogout -->
